android/build/outputs/mapping/release/mapping.txt
# compiler: R8
# compiler_version: 1.5.69
# min_api: 16
# pg_map_id: 3a1e4ea
com.shdwfghtr.explore.ActionResolver -> com.shdwfghtr.explore.a:
com.shdwfghtr.explore.Asset -> com.shdwfghtr.explore.b:
    com.badlogic.gdx.math.Vector2 VECTOR2 -> r
    com.badlogic.gdx.assets.AssetManager manager -> a
    com.badlogic.gdx.graphics.g2d.TextureAtlas environmentAtlas -> g
    java.lang.String[] INPUT_LIST -> x
    com.badlogic.gdx.graphics.g2d.TextureAtlas entityAtlas -> f
    com.badlogic.gdx.graphics.g2d.TextureAtlas bgAtlas -> h
    java.util.HashMap palettes -> l
    com.badlogic.gdx.scenes.scene2d.Stage stage -> d
    com.badlogic.gdx.graphics.g2d.TextureAtlas explosionAtlas -> i
    com.badlogic.gdx.graphics.g2d.TextureAtlas uiAtlas -> e
    com.badlogic.gdx.utils.Array MESSAGES -> v
    com.badlogic.gdx.scenes.scene2d.ui.Skin skin -> j
    com.shdwfghtr.explore.Asset$Particles particles -> c
    com.badlogic.gdx.scenes.scene2d.ui.Image curtain -> k
    com.shdwfghtr.explore.MusicHandler musicHandler -> b
    com.shdwfghtr.explore.GameCamera CAMERA -> u
    com.badlogic.gdx.graphics.g2d.GlyphLayout GLYPH -> t
    com.badlogic.gdx.Preferences OPTIONS -> o
    java.util.ArrayList TIMERS -> w
    com.badlogic.gdx.Preferences CONTROLS -> n
    com.badlogic.gdx.Preferences DATA -> p
    java.util.Random RANDOM -> q
    float TIME -> m
    com.badlogic.gdx.math.Rectangle RECTANGLE -> s
    void dispose() -> a
    com.badlogic.gdx.graphics.Color[] getPalette(java.lang.String) -> a
    com.badlogic.gdx.graphics.Color[] paletteFromPal(com.badlogic.gdx.files.FileHandle) -> a
com.shdwfghtr.explore.Asset$Convert -> com.shdwfghtr.explore.b$a:
    long toLong(java.lang.String) -> a
    java.lang.String toString(long) -> a
com.shdwfghtr.explore.Asset$Cursors -> com.shdwfghtr.explore.b$b:
    java.lang.String CURRENT -> a
    void setCurrent(java.lang.String) -> a
com.shdwfghtr.explore.Asset$Particles -> com.shdwfghtr.explore.b$c:
    java.util.HashMap POOLS -> a
    com.badlogic.gdx.utils.Array NORMAL_EFFECTS -> c
    com.badlogic.gdx.utils.Array ADDITIVE_EFFECTS -> b
    com.badlogic.gdx.graphics.g2d.TextureAtlas atlas -> d
    void access$000(com.shdwfghtr.explore.Asset$Particles,com.badlogic.gdx.files.FileHandle) -> a
    void add(com.badlogic.gdx.graphics.g2d.ParticleEffectPool$PooledEffect) -> a
    void addParticleEffect(com.badlogic.gdx.files.FileHandle) -> a
    void colorEffect(com.badlogic.gdx.graphics.g2d.ParticleEffectPool$PooledEffect,com.badlogic.gdx.graphics.Color) -> a
    void draw(com.badlogic.gdx.graphics.g2d.Batch) -> a
    com.badlogic.gdx.graphics.g2d.ParticleEffectPool$PooledEffect[] getEffects() -> a
    com.badlogic.gdx.graphics.g2d.ParticleEffectPool$PooledEffect obtain(java.lang.String,java.lang.Boolean) -> a
    void update(float) -> a
    void remove(com.badlogic.gdx.graphics.g2d.ParticleEffectPool$PooledEffect) -> b
com.shdwfghtr.explore.GameCamera -> com.shdwfghtr.explore.c:
    com.badlogic.gdx.math.Vector3 POSITION -> u
    float maxOffsetY -> s
    float maxOffsetX -> r
    float maxAngle -> q
    float trauma -> p
    float padding -> o
    com.badlogic.gdx.math.Rectangle RECTANGLE -> t
    com.badlogic.gdx.math.Vector3 SHAKE -> v
    com.shdwfghtr.explore.Perlin PERLIN -> w
    void update() -> a
    void addTrauma(float) -> b
    com.badlogic.gdx.math.Rectangle getBox() -> b
    float getRight() -> c
    void setAngle(float) -> c
    float getTop() -> d
    float getX() -> e
    float getY() -> f
com.shdwfghtr.explore.GameState -> com.shdwfghtr.explore.d:
    com.shdwfghtr.explore.GameState PLAY -> a
    com.shdwfghtr.explore.GameState PAUSE -> b
    com.shdwfghtr.explore.GameState[] $VALUES -> d
    com.shdwfghtr.explore.GameState CUTSCENE -> c
com.shdwfghtr.explore.GdxGame -> com.shdwfghtr.explore.e:
    com.badlogic.gdx.graphics.Color fadeColor -> e
    com.badlogic.gdx.math.Vector2 cursor -> c
    com.shdwfghtr.explore.Asset asset -> b
    com.badlogic.gdx.graphics.profiling.GLProfiler profiler -> d
    void dispose() -> a
    void create() -> d
    void render() -> e
...
com.badlogic.gdx.scenes.scene2d.utils.FocusListener -> b.a.a.z.a.l.i:
    boolean handle(com.badlogic.gdx.scenes.scene2d.Event) -> a
    void keyboardFocusChanged(com.badlogic.gdx.scenes.scene2d.utils.FocusListener$FocusEvent,com.badlogic.gdx.scenes.scene2d.Actor,boolean) -> a
    void scrollFocusChanged(com.badlogic.gdx.scenes.scene2d.utils.FocusListener$FocusEvent,com.badlogic.gdx.scenes.scene2d.Actor,boolean) -> b
com.badlogic.gdx.scenes.scene2d.utils.FocusListener$1 -> b.a.a.z.a.l.i$a:
    int[] $SwitchMap$com$badlogic$gdx$scenes$scene2d$utils$FocusListener$FocusEvent$Type -> a
com.badlogic.gdx.scenes.scene2d.utils.FocusListener$FocusEvent -> b.a.a.z.a.l.i$b:
    com.badlogic.gdx.scenes.scene2d.utils.FocusListener$FocusEvent$Type type -> i
    boolean focused -> h
    com.badlogic.gdx.scenes.scene2d.Actor relatedActor -> j
    void reset() -> a
    void setType(com.badlogic.gdx.scenes.scene2d.utils.FocusListener$FocusEvent$Type) -> a
    void setFocused(boolean) -> b
    void setRelatedActor(com.badlogic.gdx.scenes.scene2d.Actor) -> c
    com.badlogic.gdx.scenes.scene2d.Actor getRelatedActor() -> l
    com.badlogic.gdx.scenes.scene2d.utils.FocusListener$FocusEvent$Type getType() -> m
    boolean isFocused() -> n
com.badlogic.gdx.scenes.scene2d.utils.FocusListener$FocusEvent$Type -> b.a.a.z.a.l.i$b$a:
    com.badlogic.gdx.scenes.scene2d.utils.FocusListener$FocusEvent$Type keyboard -> a
    com.badlogic.gdx.scenes.scene2d.utils.FocusListener$FocusEvent$Type scroll -> b
    com.badlogic.gdx.scenes.scene2d.utils.FocusListener$FocusEvent$Type[] $VALUES -> c
com.badlogic.gdx.scenes.scene2d.utils.Layout -> b.a.a.z.a.l.j:
    float getMinHeight() -> a
    void setLayoutEnabled(boolean) -> a
    float getMinWidth() -> b
    float getMaxHeight() -> c
    void invalidateHierarchy() -> d
    float getPrefWidth() -> e
    float getMaxWidth() -> f
    void validate() -> g
    float getPrefHeight() -> h
com.badlogic.gdx.scenes.scene2d.utils.NinePatchDrawable -> b.a.a.z.a.l.k:
    com.badlogic.gdx.graphics.g2d.NinePatch patch -> h
    void draw(com.badlogic.gdx.graphics.g2d.Batch,float,float,float,float) -> a
    void draw(com.badlogic.gdx.graphics.g2d.Batch,float,float,float,float,float,float,float,float,float) -> a
    void setPatch(com.badlogic.gdx.graphics.g2d.NinePatch) -> a
    com.badlogic.gdx.scenes.scene2d.utils.NinePatchDrawable tint(com.badlogic.gdx.graphics.Color) -> a
    com.badlogic.gdx.graphics.g2d.NinePatch getPatch() -> h
com.badlogic.gdx.scenes.scene2d.utils.ScissorStack -> b.a.a.z.a.l.l:
    com.badlogic.gdx.math.Vector3 tmp -> b
    com.badlogic.gdx.utils.Array scissors -> a
    void calculateScissors(com.badlogic.gdx.graphics.Camera,float,float,float,float,com.badlogic.gdx.math.Matrix4,com.badlogic.gdx.math.Rectangle,com.badlogic.gdx.math.Rectangle) -> a
    void fix(com.badlogic.gdx.math.Rectangle) -> a
    com.badlogic.gdx.math.Rectangle popScissors() -> a
    boolean pushScissors(com.badlogic.gdx.math.Rectangle) -> b
com.badlogic.gdx.scenes.scene2d.utils.Selection -> b.a.a.z.a.l.m:
    com.badlogic.gdx.utils.OrderedSet selected -> b
    com.badlogic.gdx.utils.OrderedSet old -> c
    boolean toggle -> e
    boolean multiple -> f
    boolean required -> g
    boolean programmaticChangeEvents -> h
    com.badlogic.gdx.scenes.scene2d.Actor actor -> a
    boolean isDisabled -> d
    void addAll(com.badlogic.gdx.utils.Array) -> a
    void changed() -> a
    void choose(java.lang.Object) -> a
    void setActor(com.badlogic.gdx.scenes.scene2d.Actor) -> a
    void setRequired(boolean) -> a
    void cleanup() -> b
    void set(java.lang.Object) -> b
    boolean fireChangeEvent() -> c
    java.lang.Object first() -> d
    boolean getMultiple() -> e
    boolean isDisabled() -> f
    com.badlogic.gdx.utils.OrderedSet items() -> g
    void revert() -> h
    void snapshot() -> i